<?xml version="1.0" encoding="UTF-8"?>
<testng-results ignored="0" total="3" passed="0" failed="3" skipped="0">
  <reporter-output>
  </reporter-output>
  <suite started-at="2022-07-22T15:31:45 IST" name="Default suite" finished-at="2022-07-22T15:31:50 IST" duration-ms="4848">
    <groups>
      <group name="cucumber">
        <method signature="AbstractTestNGCucumberTests.runScenario(io.cucumber.testng.PickleWrapper,io.cucumber.testng.FeatureWrapper)[pri:0, instance:Runner.Runner@3e27ba32]" name="runScenario" class="io.cucumber.testng.AbstractTestNGCucumberTests"/>
      </group> <!-- cucumber -->
    </groups>
    <test started-at="2022-07-22T15:31:45 IST" name="Default test" finished-at="2022-07-22T15:31:50 IST" duration-ms="4848">
      <class name="Runner.Runner">
        <test-method is-config="true" signature="setUpClass(org.testng.ITestContext)[pri:0, instance:Runner.Runner@3e27ba32]" started-at="2022-07-22T15:31:45 IST" name="setUpClass" finished-at="2022-07-22T15:31:49 IST" duration-ms="3721" status="PASS">
          <params>
            <param index="0">
              <value>
                <![CDATA[org.testng.TestRunner@5f212d84]]>
              </value>
            </param>
          </params>
          <reporter-output>
          </reporter-output>
        </test-method> <!-- setUpClass -->
        <test-method signature="runScenario(io.cucumber.testng.PickleWrapper,io.cucumber.testng.FeatureWrapper)[pri:0, instance:Runner.Runner@3e27ba32]" started-at="2022-07-22T15:31:49 IST" name="runScenario" description="Runs Cucumber Scenarios" data-provider="scenarios" finished-at="2022-07-22T15:31:49 IST" duration-ms="228" status="FAIL">
          <params>
            <param index="0">
              <value>
                <![CDATA["User should login and create a organization with mandatory field"]]>
              </value>
            </param>
            <param index="1">
              <value>
                <![CDATA["CreateOrganizatio"]]>
              </value>
            </param>
          </params>
          <exception class="java.lang.NullPointerException">
            <message>
              <![CDATA[Cannot invoke "org.openqa.selenium.WebDriver.findElement(org.openqa.selenium.By)" because "this.driver" is null]]>
            </message>
            <full-stacktrace>
              <![CDATA[java.lang.NullPointerException: Cannot invoke "org.openqa.selenium.WebDriver.findElement(org.openqa.selenium.By)" because "this.driver" is null
at Step_DefinationFile.CreateOrganization.in_login_page_i_will_enter_username_and_password_and_click_on_login_button(CreateOrganization.java:36)
at ✽.In login page I will enter username "admin" and password "admin" and click on login button(file:///E:/Eclipes%20workspaces/Selenium%20Worksapces/Worspaces1/TyssCucumber/./src/test/java/Features/CreateOrganizatio.feature:10)
]]>
            </full-stacktrace>
          </exception> <!-- java.lang.NullPointerException -->
          <reporter-output>
          </reporter-output>
        </test-method> <!-- runScenario -->
        <test-method signature="runScenario(io.cucumber.testng.PickleWrapper,io.cucumber.testng.FeatureWrapper)[pri:0, instance:Runner.Runner@3e27ba32]" started-at="2022-07-22T15:31:49 IST" name="runScenario" description="Runs Cucumber Scenarios" data-provider="scenarios" finished-at="2022-07-22T15:31:49 IST" duration-ms="60" status="FAIL">
          <params>
            <param index="0">
              <value>
                <![CDATA["User should login and create a organization with given field"]]>
              </value>
            </param>
            <param index="1">
              <value>
                <![CDATA["CreateOrganizatio"]]>
              </value>
            </param>
          </params>
          <exception class="java.lang.NullPointerException">
            <message>
              <![CDATA[Cannot invoke "org.openqa.selenium.WebDriver.findElement(org.openqa.selenium.By)" because "this.driver" is null]]>
            </message>
            <full-stacktrace>
              <![CDATA[java.lang.NullPointerException: Cannot invoke "org.openqa.selenium.WebDriver.findElement(org.openqa.selenium.By)" because "this.driver" is null
at Step_DefinationFile.CreateOrganization.in_login_page_enter_username_and_password_and_click_on_login_button(CreateOrganization.java:89)
at ✽.In Login page enter username "admin" and password "admin" and click on login button(file:///E:/Eclipes%20workspaces/Selenium%20Worksapces/Worspaces1/TyssCucumber/./src/test/java/Features/CreateOrganizatio.feature:18)
]]>
            </full-stacktrace>
          </exception> <!-- java.lang.NullPointerException -->
          <reporter-output>
          </reporter-output>
        </test-method> <!-- runScenario -->
        <test-method signature="runScenario(io.cucumber.testng.PickleWrapper,io.cucumber.testng.FeatureWrapper)[pri:0, instance:Runner.Runner@3e27ba32]" started-at="2022-07-22T15:31:49 IST" name="runScenario" description="Runs Cucumber Scenarios" data-provider="scenarios" finished-at="2022-07-22T15:31:49 IST" duration-ms="32" status="FAIL">
          <params>
            <param index="0">
              <value>
                <![CDATA["User should login and create a organization with given field"]]>
              </value>
            </param>
            <param index="1">
              <value>
                <![CDATA["CreateOrganizatio"]]>
              </value>
            </param>
          </params>
          <exception class="java.lang.NullPointerException">
            <message>
              <![CDATA[Cannot invoke "org.openqa.selenium.WebDriver.findElement(org.openqa.selenium.By)" because "this.driver" is null]]>
            </message>
            <full-stacktrace>
              <![CDATA[java.lang.NullPointerException: Cannot invoke "org.openqa.selenium.WebDriver.findElement(org.openqa.selenium.By)" because "this.driver" is null
at Step_DefinationFile.CreateOrganization.in_login_page_enter_username_and_password_and_click_on_login_button(CreateOrganization.java:89)
at ✽.In Login page enter username "admin" and password "admin" and click on login button(file:///E:/Eclipes%20workspaces/Selenium%20Worksapces/Worspaces1/TyssCucumber/./src/test/java/Features/CreateOrganizatio.feature:18)
]]>
            </full-stacktrace>
          </exception> <!-- java.lang.NullPointerException -->
          <reporter-output>
          </reporter-output>
        </test-method> <!-- runScenario -->
        <test-method is-config="true" signature="tearDownClass()[pri:0, instance:Runner.Runner@3e27ba32]" started-at="2022-07-22T15:31:49 IST" name="tearDownClass" finished-at="2022-07-22T15:31:50 IST" duration-ms="719" status="PASS">
          <reporter-output>
          </reporter-output>
        </test-method> <!-- tearDownClass -->
      </class> <!-- Runner.Runner -->
    </test> <!-- Default test -->
  </suite> <!-- Default suite -->
</testng-results>
