<?xml version="1.0" encoding="UTF-8"?>
<!-- Generated by org.testng.reporters.JUnitXMLReporter -->
<testsuite ignored="0" hostname="ADMIN" failures="3" tests="3" name="Default test" time="4.848" errors="0" timestamp="2022-07-22T15:31:50 IST">
  <testcase classname="io.cucumber.testng.AbstractTestNGCucumberTests" name="runScenario" time="0.228">
    <failure type="java.lang.NullPointerException" message="Cannot invoke &amp;quot;org.openqa.selenium.WebDriver.findElement(org.openqa.selenium.By)&amp;quot; because &amp;quot;this.driver&amp;quot; is null">
      <![CDATA[java.lang.NullPointerException: Cannot invoke "org.openqa.selenium.WebDriver.findElement(org.openqa.selenium.By)" because "this.driver" is null
at Step_DefinationFile.CreateOrganization.in_login_page_i_will_enter_username_and_password_and_click_on_login_button(CreateOrganization.java:36)
at ✽.In login page I will enter username "admin" and password "admin" and click on login button(file:///E:/Eclipes%20workspaces/Selenium%20Worksapces/Worspaces1/TyssCucumber/./src/test/java/Features/CreateOrganizatio.feature:10)
]]>
    </failure>
  </testcase> <!-- runScenario -->
  <testcase classname="io.cucumber.testng.AbstractTestNGCucumberTests" name="runScenario" time="0.06">
    <failure type="java.lang.NullPointerException" message="Cannot invoke &amp;quot;org.openqa.selenium.WebDriver.findElement(org.openqa.selenium.By)&amp;quot; because &amp;quot;this.driver&amp;quot; is null">
      <![CDATA[java.lang.NullPointerException: Cannot invoke "org.openqa.selenium.WebDriver.findElement(org.openqa.selenium.By)" because "this.driver" is null
at Step_DefinationFile.CreateOrganization.in_login_page_enter_username_and_password_and_click_on_login_button(CreateOrganization.java:89)
at ✽.In Login page enter username "admin" and password "admin" and click on login button(file:///E:/Eclipes%20workspaces/Selenium%20Worksapces/Worspaces1/TyssCucumber/./src/test/java/Features/CreateOrganizatio.feature:18)
]]>
    </failure>
  </testcase> <!-- runScenario -->
  <testcase classname="io.cucumber.testng.AbstractTestNGCucumberTests" name="runScenario" time="0.032">
    <failure type="java.lang.NullPointerException" message="Cannot invoke &amp;quot;org.openqa.selenium.WebDriver.findElement(org.openqa.selenium.By)&amp;quot; because &amp;quot;this.driver&amp;quot; is null">
      <![CDATA[java.lang.NullPointerException: Cannot invoke "org.openqa.selenium.WebDriver.findElement(org.openqa.selenium.By)" because "this.driver" is null
at Step_DefinationFile.CreateOrganization.in_login_page_enter_username_and_password_and_click_on_login_button(CreateOrganization.java:89)
at ✽.In Login page enter username "admin" and password "admin" and click on login button(file:///E:/Eclipes%20workspaces/Selenium%20Worksapces/Worspaces1/TyssCucumber/./src/test/java/Features/CreateOrganizatio.feature:18)
]]>
    </failure>
  </testcase> <!-- runScenario -->
</testsuite> <!-- Default test -->
